Array
(
    [name] => SHIVAM NA MENDEVELL
    [mobile] => 8657440312
    [city] => LUCKNOW
    [bloodGroup] => O+
    [role] => नागरिक | Citizen
)

Array
(
    [name] => SHIVAM NA MENDEVELL
    [mobile] => 8657440312
    [city] => LUCKNOW
    [bloodGroup] => O+
    [role] => नागरिक | Citizen
)

Array
(
    [name] => SHIVAM NA MENDEVELL
    [mobile] => 9657440312
    [city] => LUCKNOW
    [bloodGroup] => O+
    [role] => नागरिक | Citizen
)

Array
(
    [name] => SANDEEP NA RANWA
    [mobile] => 6376119527
    [city] => NA
    [bloodGroup] => O+
    [role] => नागरिक | Citizen
)

Array
(
    [name] => SHIVAM NA MENDEVELL
    [mobile] => 7657440312
    [city] => LUCKNOW
    [bloodGroup] => O+
    [role] => नागरिक | Citizen
)

Array
(
    [name] => SHIVAM NA MENDEVELL
    [mobile] => 8607440312
    [city] => LUCKNOW
    [bloodGroup] => O+
    [role] => नागरिक | Citizen
)

